Quick-Cocos2dx-Community C++ support ready.

------------------------------------------------

LOAD LUA FILE: E:/pokemmo/src/main.lua

------------------------------------------------

[LUA-print] ===========================================================

[LUA-print]               LOAD QUICK FRAMEWORK

[LUA-print] ===========================================================

[LUA-print] [INFO] 

[LUA-print] [INFO] # DEBUG                        = 1

[LUA-print] [INFO] #

[LUA-print] [INFO] # device.platform              = windows

[LUA-print] [INFO] # device.model                 = unknown

[LUA-print] [INFO] # device.language              = cn

[LUA-print] [INFO] # device.writablePath          = E:\pokemmo\

[LUA-print] [INFO] # device.directorySeparator    = \

[LUA-print] [INFO] # device.pathSeparator         = ;

[LUA-print] [INFO] #

[LUA-print] [INFO] # CONFIG_SCREEN_AUTOSCALE      = FIXED_HEIGHT

[LUA-print] [INFO] # CONFIG_SCREEN_WIDTH          = 960.00

[LUA-print] [INFO] # CONFIG_SCREEN_HEIGHT         = 640.00

[LUA-print] [INFO] # display.widthInPixels        = 960.00

[LUA-print] [INFO] # display.heightInPixels       = 640.00

[LUA-print] [INFO] # display.contentScaleFactor   = 1.00

[LUA-print] [INFO] # display.width                = 960.00

[LUA-print] [INFO] # display.height               = 640.00

[LUA-print] [INFO] # display.cx                   = 480.00

[LUA-print] [INFO] # display.cy                   = 320.00

[LUA-print] [INFO] # display.left                 = 0.00

[LUA-print] [INFO] # display.right                = 960.00

[LUA-print] [INFO] # display.top                  = 640.00

[LUA-print] [INFO] # display.bottom               = 0.00

[LUA-print] [INFO] # display.c_left               = -480.00

[LUA-print] [INFO] # display.c_right              = 480.00

[LUA-print] [INFO] # display.c_top                = 320.00

[LUA-print] [INFO] # display.c_bottom             = -320.00

[LUA-print] [INFO] #

[LUA-print] background	userdata

[LUA-print] hello111111111111111111

[LUA-print] startBtn

[LUA-print] pos~~~	0	0

[LUA-print] 循环	0

[LUA-print] 循环	1

[LUA-print] 循环	2

[LUA-print] 循环	3

[LUA-print] 循环	4

[LUA-print] 循环	5

[LUA-print] 循环	6

[LUA-print] 循环	7

[LUA-print] 循环	8

[LUA-print] 循环	9

[LUA-print] 循环	10

[LUA-print] 循环	11

[LUA-print] 循环	12

[LUA-print] 循环	13

[LUA-print] 循环	14

[LUA-print] 循环	15

[LUA-print] 循环	16

[LUA-print] 循环	17

[LUA-print] 循环	18

[LUA-print] 循环	19

[LUA-print] 循环	20

[LUA-print] 循环	21

[LUA-print] 循环	22

[LUA-print] 循环	23

[LUA-print] 循环	24

[LUA-print] 循环	25

[LUA-print] 循环	26

[LUA-print] 循环	27

[LUA-print] 循环	28

[LUA-print] 循环	29

[LUA-print] 循环	30

[LUA-print] 循环	31

[LUA-print] 循环	32

[LUA-print] 循环	33

[LUA-print] 循环	34

[LUA-print] 循环	35

[LUA-print] 循环	36

[LUA-print] 循环	37

[LUA-print] 循环	38

[LUA-print] 循环	39

[LUA-print] 循环	40

[LUA-print] 循环	41

[LUA-print] 循环	42

[LUA-print] 循环	43

[LUA-print] 循环	44

[LUA-print] 循环	45

[LUA-print] 循环	46

[LUA-print] 循环	47

[LUA-print] 循环	48

[LUA-print] 循环	49

[LUA-print] 循环	50

[LUA-print] 循环	51

[LUA-print] 循环	52

[LUA-print] 循环	53

[LUA-print] 循环	54

[LUA-print] 循环	0

error:
     cc.Node:setTag argument #2 is 'nil'; 'number' expected.


[LUA-print] ----------------------------------------

[LUA-print] LUA ERROR: [string "E:/pokemmo/src/app/objects/Airship.lua"]:21: invalid arguments in function 'lua_cocos2dx_Node_setTag'


[LUA-print] 
stack traceback:
	[C]: in function 'setTag'
	[string "E:/pokemmo/src/app/objects/Airship.lua"]:21: in function 'ctor'
	[string ".\framework/functions.lua"]:315: in function 'new'
	[string "E:/pokemmo/src/app/layers/BackgroundLayer.lua"]:60: in function 'addBody'
	[string "E:/pokemmo/src/app/layers/BackgroundLayer.lua"]:106: in function 'createBackgrounds'
	[string "E:/pokemmo/src/app/layers/BackgroundLayer.lua"]:16: in function 'ctor'
	[string ".\framework/functions.lua"]:315: in function 'new'
	[string "E:/pokemmo/src/app/scenes/GameScene.lua"]:13: in function 'ctor'
	[string ".\framework/functions.lua"]:315: in function 'new'
	[string ".\framework/cc/mvc/AppBase.lua"]:40: in function 'enterScene'
	[string "E:/pokemmo/src/app/scenes/MainScene.lua"]:50: in function <[string "E:/pokemmo/src/app/scenes/MainScene.lua"]:47>
	[string ".\framework/cc/components/behavior/EventProtocol.lua"]:59: in function 'dispatchEvent'
	[string ".\framework/cc/ui/UIPushButton.lua"]:124: in function 'listener_'
	[string ".\framework/cocos2dx/NodeEx.lua"]:428: in function <[string ".\framework/cocos2dx/NodeEx.lua"]:382>

[LUA-print] ----------------------------------------

